{"level":"info","message":"userId is not defined","metadata":{},"timestamp":"2022-08-01T10:31:38.249Z"}
{"level":"info","message":"Can not assign inspection manager to other inspection manager","metadata":{},"timestamp":"2022-08-01T10:35:35.562Z"}
{"level":"info","message":"input is not defined","metadata":{},"timestamp":"2022-08-01T10:37:04.124Z"}
{"level":"info","message":"Can not assign inspection manager to other undefined","metadata":{},"timestamp":"2022-08-01T11:15:38.791Z"}
{"level":"info","message":"Can not assign inspection manager to other inspection manager","metadata":{},"timestamp":"2022-08-01T11:15:58.057Z"}
{"level":"info","message":"input is not defined","metadata":{},"timestamp":"2022-08-01T11:18:33.994Z"}
{"level":"info","message":"user is already working under same manager","metadata":{},"timestamp":"2022-08-01T11:22:15.867Z"}
{"level":"info","message":"\"role\" is required","metadata":{"_original":{"password":"Prafful@123","phone":"9876543217"},"details":[{"context":{"key":"role","label":"role"},"message":"\"role\" is required","path":["role"],"type":"any.required"}]},"timestamp":"2022-08-01T13:26:05.622Z"}
{"level":"info","message":"image is required","metadata":{},"timestamp":"2022-08-01T13:26:58.254Z"}
{"level":"info","message":"Types is not defined","metadata":{},"timestamp":"2022-08-01T13:53:07.624Z"}
{"level":"info","message":"input is not defined","metadata":{},"timestamp":"2022-08-01T13:54:28.685Z"}
{"level":"info","message":"can not update status as completed as order has not been dispatched","metadata":{},"timestamp":"2022-08-01T14:07:21.192Z"}
{"level":"info","message":"order status is already dispatched","metadata":{},"timestamp":"2022-08-01T14:07:39.394Z"}
{"level":"info","message":"\"status\" must be one of [completed, dispatched]","metadata":{"_original":{"status":"pending"},"details":[{"context":{"key":"status","label":"status","valids":["completed","dispatched"],"value":"pending"},"message":"\"status\" must be one of [completed, dispatched]","path":["status"],"type":"any.only"}]},"timestamp":"2022-08-01T14:07:51.842Z"}
{"level":"info","message":"\"password\" is required","metadata":{"_original":{"email":"im1@gmail.com","phone":"9876543217","role":"inspection manager"},"details":[{"context":{"key":"password","label":"password"},"message":"\"password\" is required","path":["password"],"type":"any.required"}]},"timestamp":"2022-08-02T05:52:38.738Z"}
{"level":"info","message":"inspection manager is not allowed to create client","metadata":{},"timestamp":"2022-08-02T05:53:10.085Z"}
{"level":"info","message":"Email already exists","metadata":{},"timestamp":"2022-08-02T05:53:16.415Z"}
{"level":"info","message":"Phone number already exists","metadata":{},"timestamp":"2022-08-02T05:53:24.337Z"}
{"level":"info","message":"user is already working under same manager","metadata":{},"timestamp":"2022-08-02T05:53:50.934Z"}
{"level":"info","message":"image is required","metadata":{},"timestamp":"2022-08-02T06:25:38.598Z"}
{"level":"info","message":"Invalid role","metadata":{},"timestamp":"2022-08-02T06:32:30.888Z"}
{"level":"info","message":"Invalid role","metadata":{},"timestamp":"2022-08-02T06:33:31.777Z"}
{"level":"info","message":"Invalid role","metadata":{},"timestamp":"2022-08-02T06:33:42.080Z"}
{"level":"info","message":"user is already working under same manager","metadata":{},"timestamp":"2022-08-02T06:55:49.365Z"}
{"level":"info","message":"Email already exists","metadata":{},"timestamp":"2022-08-02T06:58:19.915Z"}
{"level":"info","message":"Invalid role","metadata":{},"timestamp":"2022-08-02T07:12:31.243Z"}
{"level":"info","message":"Cannot read property 'role' of undefined","metadata":{},"timestamp":"2022-08-02T07:13:17.275Z"}
{"level":"info","message":"Cast to string failed for value \"{ role: 'client' }\" (type Object) at path \"role\" for model \"User\"","metadata":{},"timestamp":"2022-08-02T07:13:34.743Z"}
{"level":"info","message":"Invalid role","metadata":{},"timestamp":"2022-08-02T07:15:04.135Z"}
{"level":"info","message":"role is not defined","metadata":{},"timestamp":"2022-08-02T07:15:20.850Z"}
{"level":"info","message":"image is required","metadata":{},"timestamp":"2022-08-02T08:55:53.036Z"}
{"level":"info","message":"This checklist can not be linked as clint is not matching","metadata":{},"timestamp":"2022-08-02T08:59:01.873Z"}
{"level":"info","message":"Email already exists","metadata":{},"timestamp":"2022-08-02T14:09:11.614Z"}
{"level":"info","message":"Email already exists","metadata":{},"timestamp":"2022-08-02T14:09:22.048Z"}
{"level":"info","message":"user is already working under same manager","metadata":{},"timestamp":"2022-08-02T14:13:39.737Z"}
{"level":"info","message":"Checklist not found for 62e9301ae239e87f9d458683","metadata":{},"timestamp":"2022-08-02T14:17:43.061Z"}
